<?xml version="1.0" encoding="UTF-8"?>
<!-- Generated by org.testng.reporters.JUnitXMLReporter -->
<testsuite ignored="9" hostname="BA-000311899" failures="0" tests="1" name="Default test" time="8.151" errors="0" timestamp="2023-03-27T16:49:00 IST">
  <testcase classname="com.Ninja.TestCases.TestCaseTest" name="password_Validation" time="7.983"/>
  <testcase classname="com.Ninja.TestCases.TestCaseTest" name="keyBord_Validation" time="0.0">
    <ignored/>
  </testcase> <!-- keyBord_Validation -->
  <testcase classname="com.Ninja.TestCases.TestCaseTest" name="subcriptionPage_Validation" time="0.0">
    <ignored/>
  </testcase> <!-- subcriptionPage_Validation -->
  <testcase classname="com.Ninja.TestCases.TestCaseTest" name="navigate_To_RegisterPage" time="0.0">
    <ignored/>
  </testcase> <!-- navigate_To_RegisterPage -->
  <testcase classname="com.Ninja.TestCases.TestCaseTest" name="loginPage_Validatioin" time="0.0">
    <ignored/>
  </testcase> <!-- loginPage_Validatioin -->
  <testcase classname="com.Ninja.TestCases.TestCaseTest" name="accountPage_Validation" time="0.0">
    <ignored/>
  </testcase> <!-- accountPage_Validation -->
  <testcase classname="com.Ninja.TestCases.TestCaseTest" name="navigateTo_LoginPage" time="0.0">
    <ignored/>
  </testcase> <!-- navigateTo_LoginPage -->
  <testcase classname="com.Ninja.TestCases.TestCaseTest" name="email_Validation" time="0.0">
    <ignored/>
  </testcase> <!-- email_Validation -->
  <testcase classname="com.Ninja.TestCases.TestCaseTest" name="registerPage_Validation" time="0.0">
    <ignored/>
  </testcase> <!-- registerPage_Validation -->
  <testcase classname="com.Ninja.TestCases.TestCaseTest" name="registerPage_FormFilling" time="0.0">
    <ignored/>
  </testcase> <!-- registerPage_FormFilling -->
</testsuite> <!-- Default test -->
