<?xml version="1.0" encoding="UTF-8"?>
<!-- Generated by org.testng.reporters.JUnitXMLReporter -->
<testsuite ignored="0" hostname="BA-000311899" failures="0" tests="3" name="Test" time="29.659" errors="0" timestamp="2023-03-24T17:09:38 IST">
  <testcase classname="com.Ninja.TestCases.TestCaseTest" name="loginPage" time="7.049"/>
  <testcase classname="com.Ninja.TestCases.TestCaseTest" name="registerPage" time="9.792"/>
  <testcase classname="com.Ninja.TestCases.TestCaseTest" name="negtiveRegisterPage" time="12.169"/>
</testsuite> <!-- Test -->
