<?xml version="1.0" encoding="UTF-8"?>
<testng-results ignored="0" total="3" passed="3" failed="0" skipped="0">
  <reporter-output>
  </reporter-output>
  <suite started-at="2023-03-24T17:09:07 IST" name="Suite" finished-at="2023-03-24T17:09:37 IST" duration-ms="29659">
    <groups>
    </groups>
    <test started-at="2023-03-24T17:09:07 IST" name="Test" finished-at="2023-03-24T17:09:37 IST" duration-ms="29659">
      <class name="com.Ninja.TestCases.TestCaseTest">
        <test-method is-config="true" signature="launchApplication()[pri:0, instance:com.Ninja.TestCases.TestCaseTest@3cce5371]" started-at="2023-03-24T17:09:04 IST" name="launchApplication" finished-at="2023-03-24T17:09:07 IST" duration-ms="3248" status="PASS">
          <reporter-output>
          </reporter-output>
        </test-method> <!-- launchApplication -->
        <test-method signature="loginPage()[pri:1, instance:com.Ninja.TestCases.TestCaseTest@3cce5371]" started-at="2023-03-24T17:09:07 IST" name="loginPage" finished-at="2023-03-24T17:09:14 IST" duration-ms="7049" status="PASS">
          <reporter-output>
          </reporter-output>
        </test-method> <!-- loginPage -->
        <test-method signature="registerPage()[pri:2, instance:com.Ninja.TestCases.TestCaseTest@3cce5371]" started-at="2023-03-24T17:09:15 IST" name="registerPage" finished-at="2023-03-24T17:09:24 IST" duration-ms="9792" status="PASS">
          <reporter-output>
          </reporter-output>
        </test-method> <!-- registerPage -->
        <test-method signature="negtiveRegisterPage()[pri:3, instance:com.Ninja.TestCases.TestCaseTest@3cce5371]" started-at="2023-03-24T17:09:24 IST" name="negtiveRegisterPage" finished-at="2023-03-24T17:09:37 IST" duration-ms="12169" status="PASS">
          <reporter-output>
          </reporter-output>
        </test-method> <!-- negtiveRegisterPage -->
        <test-method is-config="true" signature="closeApplication()[pri:0, instance:com.Ninja.TestCases.TestCaseTest@3cce5371]" started-at="2023-03-24T17:09:38 IST" name="closeApplication" finished-at="2023-03-24T17:09:38 IST" duration-ms="308" status="PASS">
          <reporter-output>
          </reporter-output>
        </test-method> <!-- closeApplication -->
      </class> <!-- com.Ninja.TestCases.TestCaseTest -->
    </test> <!-- Test -->
  </suite> <!-- Suite -->
</testng-results>
